build/app/intermediates/manifest_merge_blame_file/debug/manifest-merger-blame-debug-report.txt
1<?xml version="1.0" encoding="utf-8"?>
2<manifest xmlns:android="http://schemas.android.com/apk/res/android"
3    package="com.azrael.project1"
4    android:versionCode="1"
5    android:versionName="1.0.0" >
6
7    <uses-sdk
8        android:minSdkVersion="19"
9        android:targetSdkVersion="33" />
10    <!--
11         The INTERNET permission is required for development. Specifically,
12         the Flutter tool needs it to communicate with the running application
13         to allow setting breakpoints, to provide hot reload, etc.
14    -->
15    <uses-permission android:name="android.permission.INTERNET" />
15-->src/debug/AndroidManifest.xml:6:5-66
15-->src/debug/AndroidManifest.xml:6:22-64
16    <uses-permission android:name="android.permission.ACCESS_NETWORK_STATE" />
16-->[:firebase_analytics] AndroidManifest.xml:9:5-79
16-->[:firebase_analytics] AndroidManifest.xml:9:22-76
17    <uses-permission android:name="android.permission.WAKE_LOCK" />
17-->[:firebase_analytics] AndroidManifest.xml:11:5-68
17-->[:firebase_analytics] AndroidManifest.xml:11:22-65
18    <uses-permission android:name="com.google.android.gms.permission.AD_ID" />
18-->[com.google.android.gms:play-services-measurement-api:21.2.2] AndroidManifest.xml:25:5-79
18-->[com.google.android.gms:play-services-measurement-api:21.2.2] AndroidManifest.xml:25:22-76
19    <uses-permission android:name="com.google.android.finsky.permission.BIND_GET_INSTALL_REFERRER_SERVICE" />
19-->[com.google.android.gms:play-services-measurement:21.2.2] AndroidManifest.xml:26:5-110
19-->[com.google.android.gms:play-services-measurement:21.2.2] AndroidManifest.xml:26:22-107
20
21    <application
22        android:name="android.app.Application"
23        android:appComponentFactory="androidx.core.app.CoreComponentFactory"
23-->[androidx.core:core:1.6.0] AndroidManifest.xml:24:18-86
24        android:debuggable="true"
25        android:icon="@mipmap/ic_launcher"
26        android:label="project1" >
27        <activity
28            android:name="com.azrael.project1.MainActivity"
29            android:configChanges="orientation|keyboardHidden|keyboard|screenSize|smallestScreenSize|locale|layoutDirection|fontScale|screenLayout|density|uiMode"
30            android:exported="true"
31            android:hardwareAccelerated="true"
32            android:launchMode="singleTop"
33            android:theme="@style/LaunchTheme"
34            android:windowSoftInputMode="adjustResize" >
35
36            <!--
37                 Specifies an Android theme to apply to this Activity as soon as
38                 the Android process has started. This theme is visible to the user
39                 while the Flutter UI initializes. After that, this theme continues
40                 to determine the Window background behind the Flutter UI.
41            -->
42            <meta-data
43                android:name="io.flutter.embedding.android.NormalTheme"
44                android:resource="@style/NormalTheme" />
45
46            <intent-filter>
47                <action android:name="android.intent.action.MAIN" />
48
49                <category android:name="android.intent.category.LAUNCHER" />
50            </intent-filter>
51        </activity>
52        <!--
53             Don't delete the meta-data below.
54             This is used by the Flutter tool to generate GeneratedPluginRegistrant.java
55        -->
56        <meta-data
57            android:name="flutterEmbedding"
58            android:value="2" />
59
60        <service
60-->[:firebase_analytics] AndroidManifest.xml:14:9-18:19
61            android:name="com.google.firebase.components.ComponentDiscoveryService"
61-->[:firebase_analytics] AndroidManifest.xml:14:18-89
62            android:directBootAware="true"
62-->[com.google.firebase:firebase-common:20.3.2] AndroidManifest.xml:34:13-43
63            android:exported="false" >
63-->[com.google.firebase:firebase-auth:22.0.0] AndroidManifest.xml:68:13-37
64            <meta-data
64-->[:firebase_analytics] AndroidManifest.xml:15:13-17:85
65                android:name="com.google.firebase.components:io.flutter.plugins.firebase.analytics.FlutterFirebaseAppRegistrar"
65-->[:firebase_analytics] AndroidManifest.xml:16:17-128
66                android:value="com.google.firebase.components.ComponentRegistrar" />
66-->[:firebase_analytics] AndroidManifest.xml:17:17-82
67            <meta-data
67-->[:firebase_auth] AndroidManifest.xml:11:13-13:85
68                android:name="com.google.firebase.components:io.flutter.plugins.firebase.auth.FlutterFirebaseAuthRegistrar"
68-->[:firebase_auth] AndroidManifest.xml:12:17-124
69                android:value="com.google.firebase.components.ComponentRegistrar" />
69-->[:firebase_auth] AndroidManifest.xml:13:17-82
70            <meta-data
70-->[:cloud_firestore] AndroidManifest.xml:11:13-13:85
71                android:name="com.google.firebase.components:io.flutter.plugins.firebase.firestore.FlutterFirebaseFirestoreRegistrar"
71-->[:cloud_firestore] AndroidManifest.xml:12:17-134
72                android:value="com.google.firebase.components.ComponentRegistrar" />
72-->[:cloud_firestore] AndroidManifest.xml:13:17-82
73            <meta-data
73-->[:firebase_core] AndroidManifest.xml:11:13-13:85
74                android:name="com.google.firebase.components:io.flutter.plugins.firebase.core.FlutterFirebaseCoreRegistrar"
74-->[:firebase_core] AndroidManifest.xml:12:17-124
75                android:value="com.google.firebase.components.ComponentRegistrar" />
75-->[:firebase_core] AndroidManifest.xml:13:17-82
76            <meta-data
76-->[com.google.firebase:firebase-auth:22.0.0] AndroidManifest.xml:69:13-71:85
77                android:name="com.google.firebase.components:com.google.firebase.auth.FirebaseAuthRegistrar"
77-->[com.google.firebase:firebase-auth:22.0.0] AndroidManifest.xml:70:17-109
78                android:value="com.google.firebase.components.ComponentRegistrar" />
78-->[com.google.firebase:firebase-auth:22.0.0] AndroidManifest.xml:71:17-82
79            <meta-data
79-->[com.google.firebase:firebase-firestore:24.6.0] AndroidManifest.xml:19:13-21:85
80                android:name="com.google.firebase.components:com.google.firebase.firestore.FirestoreRegistrar"
80-->[com.google.firebase:firebase-firestore:24.6.0] AndroidManifest.xml:20:17-111
81                android:value="com.google.firebase.components.ComponentRegistrar" />
81-->[com.google.firebase:firebase-firestore:24.6.0] AndroidManifest.xml:21:17-82
82            <meta-data
82-->[com.google.android.gms:play-services-measurement-api:21.2.2] AndroidManifest.xml:31:13-33:85
83                android:name="com.google.firebase.components:com.google.firebase.analytics.connector.internal.AnalyticsConnectorRegistrar"
83-->[com.google.android.gms:play-services-measurement-api:21.2.2] AndroidManifest.xml:32:17-139
84                android:value="com.google.firebase.components.ComponentRegistrar" />
84-->[com.google.android.gms:play-services-measurement-api:21.2.2] AndroidManifest.xml:33:17-82
85            <meta-data
85-->[com.google.firebase:firebase-installations:17.1.3] AndroidManifest.xml:17:13-19:85
86                android:name="com.google.firebase.components:com.google.firebase.installations.FirebaseInstallationsRegistrar"
86-->[com.google.firebase:firebase-installations:17.1.3] AndroidManifest.xml:18:17-127
87                android:value="com.google.firebase.components.ComponentRegistrar" />
87-->[com.google.firebase:firebase-installations:17.1.3] AndroidManifest.xml:19:17-82
88        </service>
89
90        <activity
90-->[com.google.firebase:firebase-auth:22.0.0] AndroidManifest.xml:29:9-46:20
91            android:name="com.google.firebase.auth.internal.GenericIdpActivity"
91-->[com.google.firebase:firebase-auth:22.0.0] AndroidManifest.xml:30:13-80
92            android:excludeFromRecents="true"
92-->[com.google.firebase:firebase-auth:22.0.0] AndroidManifest.xml:31:13-46
93            android:exported="true"
93-->[com.google.firebase:firebase-auth:22.0.0] AndroidManifest.xml:32:13-36
94            android:launchMode="singleTask"
94-->[com.google.firebase:firebase-auth:22.0.0] AndroidManifest.xml:33:13-44
95            android:theme="@android:style/Theme.Translucent.NoTitleBar" >
95-->[com.google.firebase:firebase-auth:22.0.0] AndroidManifest.xml:34:13-72
96            <intent-filter>
96-->[com.google.firebase:firebase-auth:22.0.0] AndroidManifest.xml:35:13-45:29
97                <action android:name="android.intent.action.VIEW" />
97-->[com.google.firebase:firebase-auth:22.0.0] AndroidManifest.xml:36:17-69
97-->[com.google.firebase:firebase-auth:22.0.0] AndroidManifest.xml:36:25-66
98
99                <category android:name="android.intent.category.DEFAULT" />
99-->[com.google.firebase:firebase-auth:22.0.0] AndroidManifest.xml:38:17-76
99-->[com.google.firebase:firebase-auth:22.0.0] AndroidManifest.xml:38:27-73
100                <category android:name="android.intent.category.BROWSABLE" />
100-->[com.google.firebase:firebase-auth:22.0.0] AndroidManifest.xml:39:17-78
100-->[com.google.firebase:firebase-auth:22.0.0] AndroidManifest.xml:39:27-75
101
102                <data
102-->[com.google.firebase:firebase-auth:22.0.0] AndroidManifest.xml:41:17-44:51
103                    android:host="firebase.auth"
103-->[com.google.firebase:firebase-auth:22.0.0] AndroidManifest.xml:42:21-49
104                    android:path="/"
104-->[com.google.firebase:firebase-auth:22.0.0] AndroidManifest.xml:43:21-37
105                    android:scheme="genericidp" />
105-->[com.google.firebase:firebase-auth:22.0.0] AndroidManifest.xml:44:21-48
106            </intent-filter>
107        </activity>
108        <activity
108-->[com.google.firebase:firebase-auth:22.0.0] AndroidManifest.xml:47:9-64:20
109            android:name="com.google.firebase.auth.internal.RecaptchaActivity"
109-->[com.google.firebase:firebase-auth:22.0.0] AndroidManifest.xml:48:13-79
110            android:excludeFromRecents="true"
110-->[com.google.firebase:firebase-auth:22.0.0] AndroidManifest.xml:49:13-46
111            android:exported="true"
111-->[com.google.firebase:firebase-auth:22.0.0] AndroidManifest.xml:50:13-36
112            android:launchMode="singleTask"
112-->[com.google.firebase:firebase-auth:22.0.0] AndroidManifest.xml:51:13-44
113            android:theme="@android:style/Theme.Translucent.NoTitleBar" >
113-->[com.google.firebase:firebase-auth:22.0.0] AndroidManifest.xml:52:13-72
114            <intent-filter>
114-->[com.google.firebase:firebase-auth:22.0.0] AndroidManifest.xml:53:13-63:29
115                <action android:name="android.intent.action.VIEW" />
115-->[com.google.firebase:firebase-auth:22.0.0] AndroidManifest.xml:36:17-69
115-->[com.google.firebase:firebase-auth:22.0.0] AndroidManifest.xml:36:25-66
116
117                <category android:name="android.intent.category.DEFAULT" />
117-->[com.google.firebase:firebase-auth:22.0.0] AndroidManifest.xml:38:17-76
117-->[com.google.firebase:firebase-auth:22.0.0] AndroidManifest.xml:38:27-73
118                <category android:name="android.intent.category.BROWSABLE" />
118-->[com.google.firebase:firebase-auth:22.0.0] AndroidManifest.xml:39:17-78
118-->[com.google.firebase:firebase-auth:22.0.0] AndroidManifest.xml:39:27-75
119
120                <data
120-->[com.google.firebase:firebase-auth:22.0.0] AndroidManifest.xml:41:17-44:51
121                    android:host="firebase.auth"
121-->[com.google.firebase:firebase-auth:22.0.0] AndroidManifest.xml:42:21-49
122                    android:path="/"
122-->[com.google.firebase:firebase-auth:22.0.0] AndroidManifest.xml:43:21-37
123                    android:scheme="recaptcha" />
123-->[com.google.firebase:firebase-auth:22.0.0] AndroidManifest.xml:44:21-48
124            </intent-filter>
125        </activity>
126
127        <uses-library
127-->[androidx.window:window:1.0.0-beta04] AndroidManifest.xml:25:9-27:40
128            android:name="androidx.window.extensions"
128-->[androidx.window:window:1.0.0-beta04] AndroidManifest.xml:26:13-54
129            android:required="false" />
129-->[androidx.window:window:1.0.0-beta04] AndroidManifest.xml:27:13-37
130        <uses-library
130-->[androidx.window:window:1.0.0-beta04] AndroidManifest.xml:28:9-30:40
131            android:name="androidx.window.sidecar"
131-->[androidx.window:window:1.0.0-beta04] AndroidManifest.xml:29:13-51
132            android:required="false" />
132-->[androidx.window:window:1.0.0-beta04] AndroidManifest.xml:30:13-37
133
134        <provider
134-->[com.google.firebase:firebase-common:20.3.2] AndroidManifest.xml:25:9-30:39
135            android:name="com.google.firebase.provider.FirebaseInitProvider"
135-->[com.google.firebase:firebase-common:20.3.2] AndroidManifest.xml:26:13-77
136            android:authorities="com.azrael.project1.firebaseinitprovider"
136-->[com.google.firebase:firebase-common:20.3.2] AndroidManifest.xml:27:13-72
137            android:directBootAware="true"
137-->[com.google.firebase:firebase-common:20.3.2] AndroidManifest.xml:28:13-43
138            android:exported="false"
138-->[com.google.firebase:firebase-common:20.3.2] AndroidManifest.xml:29:13-37
139            android:initOrder="100" />
139-->[com.google.firebase:firebase-common:20.3.2] AndroidManifest.xml:30:13-36
140
141        <receiver
141-->[com.google.android.gms:play-services-measurement:21.2.2] AndroidManifest.xml:29:9-33:20
142            android:name="com.google.android.gms.measurement.AppMeasurementReceiver"
142-->[com.google.android.gms:play-services-measurement:21.2.2] AndroidManifest.xml:30:13-85
143            android:enabled="true"
143-->[com.google.android.gms:play-services-measurement:21.2.2] AndroidManifest.xml:31:13-35
144            android:exported="false" >
144-->[com.google.android.gms:play-services-measurement:21.2.2] AndroidManifest.xml:32:13-37
145        </receiver>
146
147        <service
147-->[com.google.android.gms:play-services-measurement:21.2.2] AndroidManifest.xml:35:9-38:40
148            android:name="com.google.android.gms.measurement.AppMeasurementService"
148-->[com.google.android.gms:play-services-measurement:21.2.2] AndroidManifest.xml:36:13-84
149            android:enabled="true"
149-->[com.google.android.gms:play-services-measurement:21.2.2] AndroidManifest.xml:37:13-35
150            android:exported="false" />
150-->[com.google.android.gms:play-services-measurement:21.2.2] AndroidManifest.xml:38:13-37
151        <service
151-->[com.google.android.gms:play-services-measurement:21.2.2] AndroidManifest.xml:39:9-43:72
152            android:name="com.google.android.gms.measurement.AppMeasurementJobService"
152-->[com.google.android.gms:play-services-measurement:21.2.2] AndroidManifest.xml:40:13-87
153            android:enabled="true"
153-->[com.google.android.gms:play-services-measurement:21.2.2] AndroidManifest.xml:41:13-35
154            android:exported="false"
154-->[com.google.android.gms:play-services-measurement:21.2.2] AndroidManifest.xml:42:13-37
155            android:permission="android.permission.BIND_JOB_SERVICE" />
155-->[com.google.android.gms:play-services-measurement:21.2.2] AndroidManifest.xml:43:13-69
156
157        <activity
157-->[com.google.android.gms:play-services-base:18.0.1] AndroidManifest.xml:20:9-22:45
158            android:name="com.google.android.gms.common.api.GoogleApiActivity"
158-->[com.google.android.gms:play-services-base:18.0.1] AndroidManifest.xml:20:19-85
159            android:exported="false"
159-->[com.google.android.gms:play-services-base:18.0.1] AndroidManifest.xml:22:19-43
160            android:theme="@android:style/Theme.Translucent.NoTitleBar" />
160-->[com.google.android.gms:play-services-base:18.0.1] AndroidManifest.xml:21:19-78
161
162        <meta-data
162-->[com.google.android.gms:play-services-basement:18.1.0] AndroidManifest.xml:21:9-23:69
163            android:name="com.google.android.gms.version"
163-->[com.google.android.gms:play-services-basement:18.1.0] AndroidManifest.xml:22:13-58
164            android:value="@integer/google_play_services_version" />
164-->[com.google.android.gms:play-services-basement:18.1.0] AndroidManifest.xml:23:13-66
165    </application>
166
167</manifest>